[2024-05-29T16:53:41.928103+0800] [INFO] 收到群聊消息：
[2024-05-29T16:53:41.928103+0800] [INFO]  你好
[2024-05-29T16:53:43.465103+0800] [INFO] ['你好，Cheese! 看起来你刚刚和AntidOTide讨论吃红烧肉，是不是饿了？', {'config': [{'role': 'system', 'content': '你是我的人工智能帮手'}, {'role': 'system', 'content': 'Current time now is:2024-05-29-16-18-30'}, {'role': 'system', 'content': '以下是聊天室里的之前的对话记录，这里是一个聊天室，信息的输入格式是[名字]:[内容]，你在回答问题时需要参照以下的事实进行回答𝘊𝘩𝘦𝘦𝘴𝘦.:诶嘿\n𝘊𝘩𝘦𝘦𝘴𝘦.:嗯嗯\n𝘊𝘩𝘦𝘦𝘴𝘦.:芜湖\n𝘊𝘩𝘦𝘦𝘴𝘦.:诶嘿\n𝘊𝘩𝘦𝘦𝘴𝘦.:五一\n𝘊𝘩𝘦𝘦𝘴𝘦.:无语\n𝘊𝘩𝘦𝘦𝘴𝘦.:诶嘿\n𝘊𝘩𝘦𝘦𝘴𝘦.:诶嘿\n𝘊𝘩𝘦𝘦𝘴𝘦.:我佛了\n𝘊𝘩𝘦𝘦𝘴𝘦.:我真的佛了\n𝘊𝘩𝘦𝘦𝘴𝘦.:受不了了\n𝘊𝘩𝘦𝘦𝘴𝘦.:特么的\nAntidOTide.:怎么了\n𝘊𝘩𝘦𝘦𝘴𝘦.:吃什么\nAntidOTide.:不知道\n𝘊𝘩𝘦𝘦𝘴𝘦.:红烧肉？\nAntidOTide.:走！\n𝘊𝘩𝘦𝘦𝘴𝘦.: 你好'}]}]
[2024-05-29T16:53:43.977969+0800] [INFO] 群聊消息发送成功
[2024-05-29T16:53:51.955300+0800] [INFO] 收到群聊消息：
[2024-05-29T16:53:51.955300+0800] [INFO]  诶嘿
[2024-05-29T16:53:53.565309+0800] [INFO] ['看来你们决定去吃红烧肉了！希望你们享受美食的时光。如果有其他问题或者需要建议，随时告诉我！', {'config': [{'role': 'system', 'content': '你是我的人工智能帮手'}, {'role': 'system', 'content': 'Current time now is:2024-05-29-16-18-30'}, {'role': 'system', 'content': '以下是聊天室里的之前的对话记录，这里是一个聊天室，信息的输入格式是[名字]:[内容]，你在回答问题时需要参照以下的事实进行回答𝘊𝘩𝘦𝘦𝘴𝘦.:诶嘿\n𝘊𝘩𝘦𝘦𝘴𝘦.:嗯嗯\n𝘊𝘩𝘦𝘦𝘴𝘦.:芜湖\n𝘊𝘩𝘦𝘦𝘴𝘦.:诶嘿\n𝘊𝘩𝘦𝘦𝘴𝘦.:五一\n𝘊𝘩𝘦𝘦𝘴𝘦.:无语\n𝘊𝘩𝘦𝘦𝘴𝘦.:诶嘿\n𝘊𝘩𝘦𝘦𝘴𝘦.:诶嘿\n𝘊𝘩𝘦𝘦𝘴𝘦.:我佛了\n𝘊𝘩𝘦𝘦𝘴𝘦.:我真的佛了\n𝘊𝘩𝘦𝘦𝘴𝘦.:受不了了\n𝘊𝘩𝘦𝘦𝘴𝘦.:特么的\nAntidOTide.:怎么了\n𝘊𝘩𝘦𝘦𝘴𝘦.:吃什么\nAntidOTide.:不知道\n𝘊𝘩𝘦𝘦𝘴𝘦.:红烧肉？\nAntidOTide.:走！\n𝘊𝘩𝘦𝘦𝘴𝘦.: 诶嘿'}]}]
[2024-05-29T16:53:54.072504+0800] [INFO] 群聊消息发送成功
[2024-05-29T16:54:01.314044+0800] [INFO] 收到群聊消息：
[2024-05-29T16:54:01.314044+0800] [INFO]  指令说明
[2024-05-29T16:54:01.317045+0800] [INFO] 指令如下(群内需@机器人)：请选择需要的指令类型
1.[群指令类型]
2.[逻辑端指令类型]
3.[聊天指令类型]
[2024-05-29T16:54:01.835678+0800] [INFO] 群聊消息发送成功
[2024-05-29T16:55:26.574817+0800] [INFO] 收到群聊消息：
[2024-05-29T16:55:26.574817+0800] [INFO]  来点涩图
[2024-05-29T16:55:27.099150+0800] [INFO] 群聊消息发送成功
[2024-05-29T16:55:51.711243+0800] [INFO] 收到群聊消息：
[2024-05-29T16:55:51.711243+0800] [INFO]  来点涩图 碧蓝档案
[2024-05-29T16:56:08.785399+0800] [INFO] {'status': 'failed', 'retcode': 200, 'data': None, 'message': '发送超时', 'wording': '发送超时', 'echo': None}
[2024-05-29T16:56:08.785399+0800] [INFO] 群聊消息发送失败，错误信息：发送超时
[2024-05-29T16:56:23.848330+0800] [INFO] 收到群聊消息：
[2024-05-29T16:56:23.849330+0800] [INFO]  来点涩图 碧蓝档案
[2024-05-29T16:56:28.222447+0800] [INFO] 群聊消息发送成功
